Arguments: 
  /Users/david/.nvm/versions/node/v14.15.5/bin/node /Users/david/.nvm/versions/node/v14.15.5/bin/yarnpkg add --dev webpack-dev-server

PATH: 
  /Users/david/.rbenv/versions/2.7.4/lib/ruby/gems/2.7.0/bin:/Users/david/.rbenv/versions/2.7.4/bin:/usr/local/Cellar/rbenv/1.2.0/libexec:./bin:./node_modules/.bin:/Users/david/.nvm/versions/node/v14.15.5/bin:/Users/david/.rbenv/shims:/Users/david/.rbenv/bin:/Users/david/.pyenv/bin:/usr/local/bin:/usr/bin:/bin:/usr/sbin:/sbin:/usr/local/sbin

Yarn version: 
  1.22.15

Node version: 
  14.15.5

Platform: 
  darwin x64

Trace: 
  Error: getaddrinfo ENOTFOUND registry.yarnpkg.com
      at GetAddrInfoReqWrap.onlookup [as oncomplete] (dns.js:67:26)

npm manifest: 
  {
    "name": "rails_yelp_mvp",
    "private": true,
    "dependencies": {
      "@rails/ujs": "^6.0.0",
      "turbolinks": "^5.2.0",
      "@rails/actioncable": "^6.0.0"
    },
    "version": "0.1.0"
  }

yarn manifest: 
  No manifest

Lockfile: 
  No lockfile
